2026-06-13 04:22:20,577 - app.main - INFO - ============================================================
2026-06-13 04:22:20,577 - app.main - INFO - 🚀 FASTAPI SERVER STARTING
2026-06-13 04:22:20,577 - app.main - INFO - ============================================================
2026-06-13 04:22:20,581 - app.main - INFO - 📍 API URL: http://localhost:8000
2026-06-13 04:22:20,581 - app.main - INFO - 📚 Docs: http://localhost:8000/docs
2026-06-13 04:22:20,581 - app.main - INFO - 🌐 Frontend: http://127.0.0.1:5501
2026-06-13 04:22:20,581 - app.main - INFO - 🔐 CORS configurado de forma segura.
2026-06-13 04:22:20,581 - app.main - INFO - ============================================================
2026-06-13 04:22:21,467 - app.main - INFO - ============================================================
2026-06-13 04:22:21,467 - app.main - INFO - 🚀 FASTAPI SERVER STARTING
2026-06-13 04:22:21,467 - app.main - INFO - ============================================================
2026-06-13 04:22:21,471 - app.main - INFO - 📍 API URL: http://localhost:8000
2026-06-13 04:22:21,471 - app.main - INFO - 📚 Docs: http://localhost:8000/docs
2026-06-13 04:22:21,471 - app.main - INFO - 🌐 Frontend: http://127.0.0.1:5501
2026-06-13 04:22:21,471 - app.main - INFO - 🔐 CORS configurado de forma segura.
2026-06-13 04:22:21,471 - app.main - INFO - ============================================================
2026-06-13 04:38:24,069 - app.main - INFO - ============================================================
2026-06-13 04:38:24,069 - app.main - INFO - 🚀 FASTAPI SERVER STARTING
2026-06-13 04:38:24,069 - app.main - INFO - ============================================================
2026-06-13 04:38:24,073 - app.main - INFO - 📍 API URL: http://localhost:8000
2026-06-13 04:38:24,073 - app.main - INFO - 📚 Docs: http://localhost:8000/docs
2026-06-13 04:38:24,073 - app.main - INFO - 🌐 Frontend: http://localhost:5000
2026-06-13 04:38:24,073 - app.main - INFO - 🔐 CORS configurado de forma segura.
2026-06-13 04:38:24,073 - app.main - INFO - ============================================================
2026-06-13 04:49:22,987 - passlib.handlers.bcrypt - WARNING - (trapped) error reading bcrypt version
Traceback (most recent call last):
  File "/home/runner/workspace/.pythonlibs/lib/python3.12/site-packages/passlib/handlers/bcrypt.py", line 620, in _load_backend_mixin
    version = _bcrypt.__about__.__version__
              ^^^^^^^^^^^^^^^^^
AttributeError: module 'bcrypt' has no attribute '__about__'
2026-06-13 04:49:28,119 - passlib.handlers.bcrypt - WARNING - (trapped) error reading bcrypt version
Traceback (most recent call last):
  File "/home/runner/workspace/.pythonlibs/lib/python3.12/site-packages/passlib/handlers/bcrypt.py", line 620, in _load_backend_mixin
    version = _bcrypt.__about__.__version__
              ^^^^^^^^^^^^^^^^^
AttributeError: module 'bcrypt' has no attribute '__about__'
2026-06-13 04:50:11,898 - app.main - INFO - 👋 Servidor cerrado correctamente
2026-06-13 04:50:15,065 - app.main - INFO - ============================================================
2026-06-13 04:50:15,065 - app.main - INFO - 🚀 FASTAPI SERVER STARTING
2026-06-13 04:50:15,065 - app.main - INFO - ============================================================
2026-06-13 04:50:15,072 - app.main - INFO - 📍 API URL: http://localhost:8000
2026-06-13 04:50:15,072 - app.main - INFO - 📚 Docs: http://localhost:8000/docs
2026-06-13 04:50:15,072 - app.main - INFO - 🌐 Frontend: http://localhost:5000
2026-06-13 04:50:15,072 - app.main - INFO - 🔐 CORS configurado de forma segura.
2026-06-13 04:50:15,072 - app.main - INFO - ============================================================
2026-06-13 04:54:39,229 - app.main - INFO - 👋 Servidor cerrado correctamente
2026-06-13 04:54:42,894 - app.main - INFO - ============================================================
2026-06-13 04:54:42,894 - app.main - INFO - 🚀 FASTAPI SERVER STARTING
2026-06-13 04:54:42,894 - app.main - INFO - ============================================================
2026-06-13 04:54:42,900 - app.main - INFO - 📍 API URL: http://localhost:8000
2026-06-13 04:54:42,900 - app.main - INFO - 📚 Docs: http://localhost:8000/docs
2026-06-13 04:54:42,900 - app.main - INFO - 🌐 Frontend: http://localhost:5000
2026-06-13 04:54:42,900 - app.main - INFO - 🔐 CORS configurado de forma segura.
2026-06-13 04:54:42,900 - app.main - INFO - ============================================================
2026-06-13 05:02:39,176 - app.main - INFO - ============================================================
2026-06-13 05:02:39,302 - app.main - INFO - 🚀 FASTAPI SERVER STARTING
2026-06-13 05:02:39,302 - app.main - INFO - ============================================================
2026-06-13 05:02:39,308 - app.main - INFO - 📍 API URL: http://localhost:8000
2026-06-13 05:02:39,308 - app.main - INFO - 📚 Docs: http://localhost:8000/docs
2026-06-13 05:02:39,308 - app.main - INFO - 🌐 Frontend: http://localhost:5000
2026-06-13 05:02:39,308 - app.main - INFO - 🔐 CORS configurado de forma segura.
2026-06-13 05:02:39,309 - app.main - INFO - ============================================================
2026-06-13 05:25:25,316 - app.main - INFO - ============================================================
2026-06-13 05:25:25,317 - app.main - INFO - 🚀 FASTAPI SERVER STARTING
2026-06-13 05:25:25,317 - app.main - INFO - ============================================================
2026-06-13 05:25:25,322 - app.main - INFO - 📍 API URL: http://localhost:8000
2026-06-13 05:25:25,322 - app.main - INFO - 📚 Docs: http://localhost:8000/docs
2026-06-13 05:25:25,322 - app.main - INFO - 🌐 Frontend: http://localhost:5000
2026-06-13 05:25:25,322 - app.main - INFO - 🔐 CORS configurado de forma segura.
2026-06-13 05:25:25,322 - app.main - INFO - ============================================================
2026-06-13 17:21:21,662 - app.main - INFO - ============================================================
2026-06-13 17:21:21,664 - app.main - INFO - 🚀 FASTAPI SERVER STARTING
2026-06-13 17:21:21,664 - app.main - INFO - ============================================================
2026-06-13 17:21:21,817 - app.main - INFO - 📍 API URL: http://localhost:8000
2026-06-13 17:21:21,818 - app.main - INFO - 📚 Docs: http://localhost:8000/docs
2026-06-13 17:21:21,818 - app.main - INFO - 🌐 Frontend: http://localhost:5000
2026-06-13 17:21:21,818 - app.main - INFO - 🔐 CORS configurado de forma segura.
2026-06-13 17:21:21,818 - app.main - INFO - ============================================================
2026-06-13 17:36:24,512 - app.main - INFO - ============================================================
2026-06-13 17:36:24,514 - app.main - INFO - 🚀 FASTAPI SERVER STARTING
2026-06-13 17:36:24,514 - app.main - INFO - ============================================================
2026-06-13 17:36:24,711 - app.main - INFO - 📍 API URL: http://localhost:8000
2026-06-13 17:36:24,711 - app.main - INFO - 📚 Docs: http://localhost:8000/docs
2026-06-13 17:36:24,712 - app.main - INFO - 🌐 Frontend: http://localhost:5000
2026-06-13 17:36:24,712 - app.main - INFO - 🔐 CORS configurado de forma segura.
2026-06-13 17:36:24,712 - app.main - INFO - ============================================================
2026-06-13 18:29:34,741 - app.main - INFO - ============================================================
2026-06-13 18:29:34,743 - app.main - INFO - 🚀 FASTAPI SERVER STARTING
2026-06-13 18:29:34,743 - app.main - INFO - ============================================================
2026-06-13 18:29:34,822 - app.main - INFO - 📍 API URL: http://localhost:8000
2026-06-13 18:29:34,823 - app.main - INFO - 📚 Docs: http://localhost:8000/docs
2026-06-13 18:29:34,823 - app.main - INFO - 🌐 Frontend: http://localhost:5000
2026-06-13 18:29:34,823 - app.main - INFO - 🔐 CORS configurado de forma segura.
2026-06-13 18:29:34,823 - app.main - INFO - ============================================================
2026-06-13 19:23:30,341 - app.main - INFO - ============================================================
2026-06-13 19:23:30,343 - app.main - INFO - 🚀 FASTAPI SERVER STARTING
2026-06-13 19:23:30,343 - app.main - INFO - ============================================================
2026-06-13 19:23:30,349 - app.main - INFO - 📍 API URL: http://localhost:8000
2026-06-13 19:23:30,349 - app.main - INFO - 📚 Docs: http://localhost:8000/docs
2026-06-13 19:23:30,349 - app.main - INFO - 🌐 Frontend: http://localhost:5000
2026-06-13 19:23:30,349 - app.main - INFO - 🔐 CORS configurado de forma segura.
2026-06-13 19:23:30,349 - app.main - INFO - ============================================================
2026-06-13 19:37:43,209 - app.main - INFO - ============================================================
2026-06-13 19:37:43,210 - app.main - INFO - 🚀 FASTAPI SERVER STARTING
2026-06-13 19:37:43,210 - app.main - INFO - ============================================================
2026-06-13 19:37:43,217 - app.main - INFO - 📍 API URL: http://localhost:8000
2026-06-13 19:37:43,217 - app.main - INFO - 📚 Docs: http://localhost:8000/docs
2026-06-13 19:37:43,217 - app.main - INFO - 🌐 Frontend: http://localhost:5000
2026-06-13 19:37:43,217 - app.main - INFO - 🔐 CORS configurado de forma segura.
2026-06-13 19:37:43,217 - app.main - INFO - ============================================================
2026-06-13 19:42:51,440 - app.main - INFO - 👋 Servidor cerrado correctamente
2026-06-13 19:42:52,224 - app.main - INFO - ============================================================
2026-06-13 19:42:52,224 - app.main - INFO - 🚀 FASTAPI SERVER STARTING
2026-06-13 19:42:52,224 - app.main - INFO - ============================================================
2026-06-13 19:42:52,229 - app.main - INFO - 📍 API URL: http://localhost:8000
2026-06-13 19:42:52,229 - app.main - INFO - 📚 Docs: http://localhost:8000/docs
2026-06-13 19:42:52,229 - app.main - INFO - 🌐 Frontend: http://localhost:5000
2026-06-13 19:42:52,229 - app.main - INFO - 🔐 CORS configurado de forma segura.
2026-06-13 19:42:52,229 - app.main - INFO - ============================================================
2026-06-13 19:43:00,467 - app.main - INFO - 👋 Servidor cerrado correctamente
2026-06-13 19:43:01,285 - app.main - INFO - ============================================================
2026-06-13 19:43:01,285 - app.main - INFO - 🚀 FASTAPI SERVER STARTING
2026-06-13 19:43:01,285 - app.main - INFO - ============================================================
2026-06-13 19:43:01,289 - app.main - INFO - 📍 API URL: http://localhost:8000
2026-06-13 19:43:01,290 - app.main - INFO - 📚 Docs: http://localhost:8000/docs
2026-06-13 19:43:01,290 - app.main - INFO - 🌐 Frontend: http://localhost:5000
2026-06-13 19:43:01,290 - app.main - INFO - 🔐 CORS configurado de forma segura.
2026-06-13 19:43:01,290 - app.main - INFO - ============================================================
2026-06-13 20:01:36,170 - app.main - INFO - 👋 Servidor cerrado correctamente
2026-06-13 20:01:40,011 - app.main - INFO - ============================================================
2026-06-13 20:01:40,011 - app.main - INFO - 🚀 FASTAPI SERVER STARTING
2026-06-13 20:01:40,011 - app.main - INFO - ============================================================
2026-06-13 20:01:40,015 - app.main - INFO - 📍 API URL: http://localhost:8000
2026-06-13 20:01:40,015 - app.main - INFO - 📚 Docs: http://localhost:8000/docs
2026-06-13 20:01:40,015 - app.main - INFO - 🌐 Frontend: http://localhost:5000
2026-06-13 20:01:40,015 - app.main - INFO - 🔐 CORS configurado de forma segura.
2026-06-13 20:01:40,015 - app.main - INFO - ============================================================
2026-06-13 20:05:57,004 - app.main - INFO - 👋 Servidor cerrado correctamente
2026-06-13 20:05:59,912 - app.main - INFO - ============================================================
2026-06-13 20:05:59,913 - app.main - INFO - 🚀 FASTAPI SERVER STARTING
2026-06-13 20:05:59,913 - app.main - INFO - ============================================================
2026-06-13 20:05:59,920 - app.main - INFO - 📍 API URL: http://localhost:8000
2026-06-13 20:05:59,921 - app.main - INFO - 📚 Docs: http://localhost:8000/docs
2026-06-13 20:05:59,921 - app.main - INFO - 🌐 Frontend: http://localhost:5000
2026-06-13 20:05:59,921 - app.main - INFO - 🔐 CORS configurado de forma segura.
2026-06-13 20:05:59,921 - app.main - INFO - ============================================================
2026-06-14 21:10:03,236 - app.main - INFO - ============================================================
2026-06-14 21:10:03,237 - app.main - INFO - 🚀 FASTAPI SERVER STARTING
2026-06-14 21:10:03,237 - app.main - INFO - ============================================================
2026-06-14 21:10:03,244 - app.main - INFO - 📍 API URL: http://localhost:8000
2026-06-14 21:10:03,244 - app.main - INFO - 📚 Docs: http://localhost:8000/docs
2026-06-14 21:10:03,244 - app.main - INFO - 🌐 Frontend: http://localhost:5000
2026-06-14 21:10:03,244 - app.main - INFO - 🔐 CORS configurado de forma segura.
2026-06-14 21:10:03,244 - app.main - INFO - ============================================================
2026-06-14 21:42:02,149 - app.main - INFO - 👋 Servidor cerrado correctamente
2026-06-14 21:42:05,679 - app.main - INFO - ============================================================
2026-06-14 21:42:05,679 - app.main - INFO - 🚀 FASTAPI SERVER STARTING
2026-06-14 21:42:05,679 - app.main - INFO - ============================================================
2026-06-14 21:42:05,686 - app.main - INFO - 📍 API URL: http://localhost:8000
2026-06-14 21:42:05,686 - app.main - INFO - 📚 Docs: http://localhost:8000/docs
2026-06-14 21:42:05,686 - app.main - INFO - 🌐 Frontend: http://localhost:5000
2026-06-14 21:42:05,686 - app.main - INFO - 🔐 CORS configurado de forma segura.
2026-06-14 21:42:05,686 - app.main - INFO - ============================================================
2026-06-14 21:42:12,615 - app.main - INFO - 👋 Servidor cerrado correctamente
2026-06-14 21:42:13,611 - app.main - INFO - ============================================================
2026-06-14 21:42:13,612 - app.main - INFO - 🚀 FASTAPI SERVER STARTING
2026-06-14 21:42:13,612 - app.main - INFO - ============================================================
2026-06-14 21:42:13,656 - app.main - INFO - 📍 API URL: http://localhost:8000
2026-06-14 21:42:13,657 - app.main - INFO - 📚 Docs: http://localhost:8000/docs
2026-06-14 21:42:13,657 - app.main - INFO - 🌐 Frontend: http://localhost:5000
2026-06-14 21:42:13,657 - app.main - INFO - 🔐 CORS configurado de forma segura.
2026-06-14 21:42:13,657 - app.main - INFO - ============================================================
2026-06-14 21:42:52,491 - app.main - INFO - 👋 Servidor cerrado correctamente
2026-06-14 21:42:53,672 - app.main - INFO - ============================================================
2026-06-14 21:42:53,672 - app.main - INFO - 🚀 FASTAPI SERVER STARTING
2026-06-14 21:42:53,672 - app.main - INFO - ============================================================
2026-06-14 21:42:53,700 - app.main - INFO - 📍 API URL: http://localhost:8000
2026-06-14 21:42:53,700 - app.main - INFO - 📚 Docs: http://localhost:8000/docs
2026-06-14 21:42:53,700 - app.main - INFO - 🌐 Frontend: http://localhost:5000
2026-06-14 21:42:53,700 - app.main - INFO - 🔐 CORS configurado de forma segura.
2026-06-14 21:42:53,700 - app.main - INFO - ============================================================
2026-06-14 21:42:53,905 - app.main - INFO - 👋 Servidor cerrado correctamente
2026-06-14 21:42:55,123 - app.main - INFO - ============================================================
2026-06-14 21:42:55,123 - app.main - INFO - 🚀 FASTAPI SERVER STARTING
2026-06-14 21:42:55,123 - app.main - INFO - ============================================================
2026-06-14 21:42:55,129 - app.main - INFO - 📍 API URL: http://localhost:8000
2026-06-14 21:42:55,129 - app.main - INFO - 📚 Docs: http://localhost:8000/docs
2026-06-14 21:42:55,129 - app.main - INFO - 🌐 Frontend: http://localhost:5000
2026-06-14 21:42:55,129 - app.main - INFO - 🔐 CORS configurado de forma segura.
2026-06-14 21:42:55,129 - app.main - INFO - ============================================================
2026-06-14 21:43:04,466 - app.main - INFO - 👋 Servidor cerrado correctamente
2026-06-14 21:43:05,720 - app.main - INFO - ============================================================
2026-06-14 21:43:05,720 - app.main - INFO - 🚀 FASTAPI SERVER STARTING
2026-06-14 21:43:05,720 - app.main - INFO - ============================================================
2026-06-14 21:43:05,726 - app.main - INFO - 📍 API URL: http://localhost:8000
2026-06-14 21:43:05,727 - app.main - INFO - 📚 Docs: http://localhost:8000/docs
2026-06-14 21:43:05,727 - app.main - INFO - 🌐 Frontend: http://localhost:5000
2026-06-14 21:43:05,727 - app.main - INFO - 🔐 CORS configurado de forma segura.
2026-06-14 21:43:05,727 - app.main - INFO - ============================================================
2026-06-14 21:45:18,639 - app.main - INFO - 👋 Servidor cerrado correctamente
2026-06-14 21:45:21,470 - app.main - INFO - ============================================================
2026-06-14 21:45:21,471 - app.main - INFO - 🚀 FASTAPI SERVER STARTING
2026-06-14 21:45:21,471 - app.main - INFO - ============================================================
2026-06-14 21:45:21,475 - app.main - INFO - 📍 API URL: http://localhost:8000
2026-06-14 21:45:21,476 - app.main - INFO - 📚 Docs: http://localhost:8000/docs
2026-06-14 21:45:21,476 - app.main - INFO - 🌐 Frontend: http://localhost:5000
2026-06-14 21:45:21,476 - app.main - INFO - 🔐 CORS configurado de forma segura.
2026-06-14 21:45:21,476 - app.main - INFO - ============================================================
2026-06-14 22:19:54,688 - app.main - INFO - ============================================================
2026-06-14 22:19:54,690 - app.main - INFO - 🚀 FASTAPI SERVER STARTING
2026-06-14 22:19:54,690 - app.main - INFO - ============================================================
2026-06-14 22:19:54,697 - app.main - INFO - 📍 API URL: http://localhost:8000
2026-06-14 22:19:54,697 - app.main - INFO - 📚 Docs: http://localhost:8000/docs
2026-06-14 22:19:54,697 - app.main - INFO - 🌐 Frontend: http://localhost:5000
2026-06-14 22:19:54,697 - app.main - INFO - 🔐 CORS configurado de forma segura.
2026-06-14 22:19:54,697 - app.main - INFO - ============================================================
2026-06-16 06:25:29,961 - app.main - INFO - ============================================================
2026-06-16 06:25:29,961 - app.main - INFO - 🚀 FASTAPI SERVER STARTING
2026-06-16 06:25:29,961 - app.main - INFO - ============================================================
2026-06-16 06:25:29,966 - app.main - INFO - 📍 API URL: http://localhost:8000
2026-06-16 06:25:29,966 - app.main - INFO - 📚 Docs: http://localhost:8000/docs
2026-06-16 06:25:29,966 - app.main - INFO - 🌐 Frontend: http://localhost:5000
2026-06-16 06:25:29,966 - app.main - INFO - 🔐 CORS configurado de forma segura.
2026-06-16 06:25:29,966 - app.main - INFO - ============================================================
2026-06-16 06:25:30,028 - watchfiles.main - INFO - 1 change detected
2026-06-16 06:25:30,380 - watchfiles.main - INFO - 1 change detected
2026-06-16 06:25:30,731 - watchfiles.main - INFO - 1 change detected
2026-06-16 06:25:31,083 - watchfiles.main - INFO - 1 change detected
2026-06-16 06:25:31,434 - watchfiles.main - INFO - 1 change detected
2026-06-16 06:25:31,785 - watchfiles.main - INFO - 1 change detected
2026-06-16 06:25:32,137 - watchfiles.main - INFO - 1 change detected
2026-06-16 06:25:32,488 - watchfiles.main - INFO - 1 change detected
2026-06-16 06:25:32,839 - watchfiles.main - INFO - 1 change detected
2026-06-16 06:25:33,190 - watchfiles.main - INFO - 1 change detected
2026-06-16 06:25:33,541 - watchfiles.main - INFO - 1 change detected
2026-06-16 06:25:33,892 - watchfiles.main - INFO - 1 change detected
2026-06-16 06:25:34,243 - watchfiles.main - INFO - 1 change detected
2026-06-16 06:25:34,594 - watchfiles.main - INFO - 1 change detected
2026-06-16 06:25:34,945 - watchfiles.main - INFO - 1 change detected
2026-06-16 06:25:35,296 - watchfiles.main - INFO - 1 change detected
2026-06-16 06:25:35,647 - watchfiles.main - INFO - 1 change detected
2026-06-16 06:25:35,998 - watchfiles.main - INFO - 1 change detected
2026-06-16 06:25:36,349 - watchfiles.main - INFO - 1 change detected
2026-06-16 06:25:36,700 - watchfiles.main - INFO - 1 change detected
2026-06-16 06:25:37,051 - watchfiles.main - INFO - 1 change detected
2026-06-16 06:25:37,402 - watchfiles.main - INFO - 1 change detected
2026-06-16 06:25:37,752 - watchfiles.main - INFO - 1 change detected
2026-06-16 06:25:38,104 - watchfiles.main - INFO - 1 change detected
2026-06-16 06:25:38,455 - watchfiles.main - INFO - 1 change detected
2026-06-16 06:25:38,806 - watchfiles.main - INFO - 1 change detected
2026-06-16 06:25:39,157 - watchfiles.main - INFO - 1 change detected
2026-06-16 06:25:39,508 - watchfiles.main - INFO - 1 change detected
2026-06-16 06:25:39,859 - watchfiles.main - INFO - 1 change detected
2026-06-16 06:25:40,210 - watchfiles.main - INFO - 1 change detected
2026-06-16 06:25:40,561 - watchfiles.main - INFO - 1 change detected
2026-06-16 06:25:40,912 - watchfiles.main - INFO - 1 change detected
2026-06-16 06:25:41,263 - watchfiles.main - INFO - 1 change detected
2026-06-16 06:25:41,614 - watchfiles.main - INFO - 1 change detected
2026-06-16 06:25:41,965 - watchfiles.main - INFO - 1 change detected
2026-06-16 06:25:42,317 - watchfiles.main - INFO - 1 change detected
2026-06-16 06:25:42,668 - watchfiles.main - INFO - 1 change detected
2026-06-16 06:25:43,019 - watchfiles.main - INFO - 1 change detected
2026-06-16 06:25:43,370 - watchfiles.main - INFO - 1 change detected
2026-06-16 06:25:43,720 - watchfiles.main - INFO - 1 change detected
2026-06-16 06:25:44,071 - watchfiles.main - INFO - 1 change detected
2026-06-16 06:25:44,422 - watchfiles.main - INFO - 1 change detected
2026-06-16 06:25:44,775 - watchfiles.main - INFO - 1 change detected
2026-06-16 06:25:45,126 - watchfiles.main - INFO - 1 change detected
2026-06-16 06:25:45,479 - watchfiles.main - INFO - 1 change detected
2026-06-16 06:25:45,830 - watchfiles.main - INFO - 1 change detected
2026-06-16 06:25:46,181 - watchfiles.main - INFO - 1 change detected
2026-06-16 06:25:46,532 - watchfiles.main - INFO - 1 change detected
2026-06-16 06:25:46,884 - watchfiles.main - INFO - 1 change detected
2026-06-16 06:25:47,237 - watchfiles.main - INFO - 1 change detected
2026-06-16 06:25:47,589 - watchfiles.main - INFO - 1 change detected
2026-06-16 06:25:47,940 - watchfiles.main - INFO - 1 change detected
2026-06-16 06:25:48,293 - watchfiles.main - INFO - 1 change detected
2026-06-16 06:25:48,644 - watchfiles.main - INFO - 1 change detected
2026-06-16 06:25:48,995 - watchfiles.main - INFO - 1 change detected
2026-06-16 06:25:49,347 - watchfiles.main - INFO - 1 change detected
2026-06-16 06:25:49,698 - watchfiles.main - INFO - 1 change detected
2026-06-16 06:25:50,049 - watchfiles.main - INFO - 1 change detected
2026-06-16 06:25:50,400 - watchfiles.main - INFO - 1 change detected
2026-06-16 06:25:50,752 - watchfiles.main - INFO - 1 change detected
2026-06-16 06:25:51,104 - watchfiles.main - INFO - 1 change detected
2026-06-16 06:25:51,455 - watchfiles.main - INFO - 1 change detected
2026-06-16 06:25:51,806 - watchfiles.main - INFO - 1 change detected
2026-06-16 06:25:52,157 - watchfiles.main - INFO - 1 change detected
2026-06-16 06:25:52,508 - watchfiles.main - INFO - 1 change detected
2026-06-16 06:25:52,859 - watchfiles.main - INFO - 1 change detected
2026-06-16 06:25:53,212 - watchfiles.main - INFO - 1 change detected
2026-06-16 06:25:53,563 - watchfiles.main - INFO - 1 change detected
2026-06-16 06:25:53,914 - watchfiles.main - INFO - 1 change detected
2026-06-16 06:25:54,265 - watchfiles.main - INFO - 1 change detected
2026-06-16 06:25:54,616 - watchfiles.main - INFO - 1 change detected
2026-06-16 06:25:54,967 - watchfiles.main - INFO - 1 change detected
2026-06-16 06:25:55,318 - watchfiles.main - INFO - 1 change detected
2026-06-16 06:25:55,669 - watchfiles.main - INFO - 1 change detected
2026-06-16 06:25:56,020 - watchfiles.main - INFO - 1 change detected
2026-06-16 06:25:56,371 - watchfiles.main - INFO - 1 change detected
2026-06-16 06:25:56,722 - watchfiles.main - INFO - 1 change detected
2026-06-16 06:25:57,073 - watchfiles.main - INFO - 1 change detected
2026-06-16 06:25:57,424 - watchfiles.main - INFO - 1 change detected
2026-06-16 06:25:57,775 - watchfiles.main - INFO - 1 change detected
2026-06-16 06:25:58,126 - watchfiles.main - INFO - 1 change detected
2026-06-16 06:25:58,477 - watchfiles.main - INFO - 1 change detected
2026-06-16 06:25:58,828 - watchfiles.main - INFO - 1 change detected
2026-06-16 06:25:59,179 - watchfiles.main - INFO - 1 change detected
2026-06-16 06:25:59,530 - watchfiles.main - INFO - 1 change detected
2026-06-16 06:25:59,882 - watchfiles.main - INFO - 1 change detected
2026-06-16 06:26:00,233 - watchfiles.main - INFO - 1 change detected
2026-06-16 06:26:00,584 - watchfiles.main - INFO - 1 change detected
2026-06-16 06:26:00,934 - watchfiles.main - INFO - 1 change detected
2026-06-16 06:26:01,285 - watchfiles.main - INFO - 1 change detected
2026-06-16 06:26:01,636 - watchfiles.main - INFO - 1 change detected
2026-06-16 06:26:01,989 - watchfiles.main - INFO - 1 change detected
2026-06-16 06:26:02,340 - watchfiles.main - INFO - 1 change detected
2026-06-16 06:26:02,691 - watchfiles.main - INFO - 1 change detected
2026-06-16 06:26:03,042 - watchfiles.main - INFO - 1 change detected
2026-06-16 06:26:03,394 - watchfiles.main - INFO - 1 change detected
2026-06-16 06:26:03,745 - watchfiles.main - INFO - 1 change detected
2026-06-16 06:26:04,095 - watchfiles.main - INFO - 1 change detected
2026-06-16 06:26:04,446 - watchfiles.main - INFO - 1 change detected
2026-06-16 06:26:04,798 - watchfiles.main - INFO - 1 change detected
2026-06-16 06:26:05,149 - watchfiles.main - INFO - 1 change detected
2026-06-16 06:26:05,500 - watchfiles.main - INFO - 1 change detected
2026-06-16 06:26:05,851 - watchfiles.main - INFO - 1 change detected
2026-06-16 06:26:06,202 - watchfiles.main - INFO - 1 change detected
2026-06-16 06:26:06,553 - watchfiles.main - INFO - 1 change detected
2026-06-16 06:26:06,905 - watchfiles.main - INFO - 1 change detected
2026-06-16 06:26:07,256 - watchfiles.main - INFO - 1 change detected
2026-06-16 06:26:07,608 - watchfiles.main - INFO - 1 change detected
2026-06-16 06:26:07,959 - watchfiles.main - INFO - 1 change detected
2026-06-16 06:26:08,311 - watchfiles.main - INFO - 1 change detected
2026-06-16 06:26:08,662 - watchfiles.main - INFO - 1 change detected
2026-06-16 06:26:09,013 - watchfiles.main - INFO - 1 change detected
2026-06-16 06:26:09,364 - watchfiles.main - INFO - 1 change detected
2026-06-16 06:26:09,715 - watchfiles.main - INFO - 1 change detected
2026-06-16 06:26:10,066 - watchfiles.main - INFO - 1 change detected
2026-06-16 06:26:10,418 - watchfiles.main - INFO - 1 change detected
2026-06-16 06:26:10,769 - watchfiles.main - INFO - 1 change detected
2026-06-16 06:26:11,120 - watchfiles.main - INFO - 1 change detected
2026-06-16 06:26:11,471 - watchfiles.main - INFO - 1 change detected
2026-06-16 06:26:11,822 - watchfiles.main - INFO - 1 change detected
2026-06-16 06:26:12,173 - watchfiles.main - INFO - 1 change detected
2026-06-16 06:26:12,524 - watchfiles.main - INFO - 1 change detected
2026-06-16 06:26:12,875 - watchfiles.main - INFO - 1 change detected
2026-06-16 06:26:13,226 - watchfiles.main - INFO - 1 change detected
2026-06-16 06:26:13,577 - watchfiles.main - INFO - 1 change detected
2026-06-16 06:26:13,928 - watchfiles.main - INFO - 1 change detected
2026-06-16 06:26:14,279 - watchfiles.main - INFO - 1 change detected
2026-06-16 06:26:14,630 - watchfiles.main - INFO - 1 change detected
2026-06-16 06:26:14,982 - watchfiles.main - INFO - 1 change detected
2026-06-16 06:26:15,333 - watchfiles.main - INFO - 1 change detected
2026-06-16 06:26:15,685 - watchfiles.main - INFO - 1 change detected
2026-06-16 06:26:16,039 - watchfiles.main - INFO - 1 change detected
2026-06-16 06:26:16,390 - watchfiles.main - INFO - 1 change detected
2026-06-16 06:26:16,741 - watchfiles.main - INFO - 1 change detected
2026-06-16 06:26:17,092 - watchfiles.main - INFO - 1 change detected
2026-06-16 06:26:17,443 - watchfiles.main - INFO - 1 change detected
2026-06-16 06:26:17,794 - watchfiles.main - INFO - 1 change detected
2026-06-16 06:26:18,145 - watchfiles.main - INFO - 1 change detected
2026-06-16 06:26:18,496 - watchfiles.main - INFO - 1 change detected
2026-06-16 06:26:18,847 - watchfiles.main - INFO - 1 change detected
2026-06-16 06:26:19,199 - watchfiles.main - INFO - 1 change detected
2026-06-16 06:26:19,550 - watchfiles.main - INFO - 1 change detected
2026-06-16 06:26:19,902 - watchfiles.main - INFO - 1 change detected
2026-06-16 06:26:20,253 - watchfiles.main - INFO - 1 change detected
2026-06-16 06:26:20,605 - watchfiles.main - INFO - 1 change detected
2026-06-16 06:26:20,956 - watchfiles.main - INFO - 1 change detected
2026-06-16 06:26:21,308 - watchfiles.main - INFO - 1 change detected
2026-06-16 06:26:21,662 - watchfiles.main - INFO - 1 change detected
2026-06-16 06:26:22,013 - watchfiles.main - INFO - 1 change detected
2026-06-16 06:26:22,364 - watchfiles.main - INFO - 1 change detected
2026-06-16 06:26:22,715 - watchfiles.main - INFO - 1 change detected
2026-06-16 06:26:23,066 - watchfiles.main - INFO - 1 change detected
2026-06-16 06:26:23,417 - watchfiles.main - INFO - 1 change detected
2026-06-16 06:26:23,768 - watchfiles.main - INFO - 1 change detected
2026-06-16 06:26:24,119 - watchfiles.main - INFO - 1 change detected
2026-06-16 06:26:24,470 - watchfiles.main - INFO - 1 change detected
2026-06-16 06:26:24,821 - watchfiles.main - INFO - 1 change detected
2026-06-16 06:26:25,172 - watchfiles.main - INFO - 1 change detected
2026-06-16 06:26:25,523 - watchfiles.main - INFO - 1 change detected
2026-06-16 06:26:25,875 - watchfiles.main - INFO - 1 change detected
2026-06-16 06:26:26,226 - watchfiles.main - INFO - 1 change detected
2026-06-16 06:26:26,580 - watchfiles.main - INFO - 1 change detected
2026-06-16 06:26:26,931 - watchfiles.main - INFO - 1 change detected
2026-06-16 06:26:27,282 - watchfiles.main - INFO - 1 change detected
2026-06-16 06:26:27,633 - watchfiles.main - INFO - 1 change detected
2026-06-16 06:26:27,984 - watchfiles.main - INFO - 1 change detected
2026-06-16 06:26:28,335 - watchfiles.main - INFO - 1 change detected
2026-06-16 06:26:28,686 - watchfiles.main - INFO - 1 change detected
2026-06-16 06:26:29,037 - watchfiles.main - INFO - 1 change detected
2026-06-16 06:26:29,392 - watchfiles.main - INFO - 1 change detected
2026-06-16 06:26:29,743 - watchfiles.main - INFO - 1 change detected
2026-06-16 06:26:30,094 - watchfiles.main - INFO - 1 change detected
2026-06-16 06:26:30,445 - watchfiles.main - INFO - 1 change detected
2026-06-16 06:26:30,796 - watchfiles.main - INFO - 1 change detected
2026-06-16 06:26:31,147 - watchfiles.main - INFO - 1 change detected
2026-06-16 06:26:31,499 - watchfiles.main - INFO - 1 change detected
2026-06-16 06:26:31,850 - watchfiles.main - INFO - 1 change detected
2026-06-16 06:26:32,201 - watchfiles.main - INFO - 1 change detected
2026-06-16 06:26:32,552 - watchfiles.main - INFO - 1 change detected
2026-06-16 06:26:32,903 - watchfiles.main - INFO - 1 change detected
2026-06-16 06:26:33,254 - watchfiles.main - INFO - 1 change detected
2026-06-16 06:26:33,608 - watchfiles.main - INFO - 1 change detected
2026-06-16 06:26:33,959 - watchfiles.main - INFO - 1 change detected
2026-06-16 06:26:34,310 - watchfiles.main - INFO - 1 change detected
2026-06-16 06:26:34,661 - watchfiles.main - INFO - 1 change detected
2026-06-16 06:26:35,012 - watchfiles.main - INFO - 1 change detected
2026-06-16 06:26:35,364 - watchfiles.main - INFO - 1 change detected
2026-06-16 06:26:35,715 - watchfiles.main - INFO - 1 change detected
2026-06-16 06:26:36,066 - watchfiles.main - INFO - 1 change detected
2026-06-16 06:26:36,417 - watchfiles.main - INFO - 1 change detected
2026-06-16 06:26:36,768 - watchfiles.main - INFO - 1 change detected
2026-06-16 06:26:37,119 - watchfiles.main - INFO - 1 change detected
2026-06-16 06:26:37,470 - watchfiles.main - INFO - 1 change detected
2026-06-16 06:26:37,821 - watchfiles.main - INFO - 1 change detected
2026-06-16 06:26:38,175 - watchfiles.main - INFO - 1 change detected
2026-06-16 06:26:38,526 - watchfiles.main - INFO - 1 change detected
2026-06-16 06:26:38,877 - watchfiles.main - INFO - 1 change detected
2026-06-16 06:26:39,228 - watchfiles.main - INFO - 1 change detected
2026-06-16 06:26:39,579 - watchfiles.main - INFO - 1 change detected
2026-06-16 06:26:39,930 - watchfiles.main - INFO - 1 change detected
2026-06-16 06:26:40,281 - watchfiles.main - INFO - 1 change detected
2026-06-16 06:26:40,634 - watchfiles.main - INFO - 1 change detected
2026-06-16 06:26:40,986 - watchfiles.main - INFO - 1 change detected
2026-06-16 06:26:41,337 - watchfiles.main - INFO - 1 change detected
2026-06-16 06:26:41,688 - watchfiles.main - INFO - 1 change detected
2026-06-16 06:26:42,039 - watchfiles.main - INFO - 1 change detected
2026-06-16 06:26:42,390 - watchfiles.main - INFO - 1 change detected
2026-06-16 06:26:42,741 - watchfiles.main - INFO - 1 change detected
2026-06-16 06:26:43,092 - watchfiles.main - INFO - 1 change detected
2026-06-16 06:26:43,443 - watchfiles.main - INFO - 1 change detected
2026-06-16 06:26:43,794 - watchfiles.main - INFO - 1 change detected
2026-06-16 06:26:44,145 - watchfiles.main - INFO - 1 change detected
2026-06-16 06:26:44,496 - watchfiles.main - INFO - 1 change detected
2026-06-16 06:26:44,847 - watchfiles.main - INFO - 1 change detected
2026-06-16 06:26:45,198 - watchfiles.main - INFO - 1 change detected
2026-06-16 06:26:45,549 - watchfiles.main - INFO - 1 change detected
2026-06-16 06:26:45,900 - watchfiles.main - INFO - 1 change detected
2026-06-16 06:26:46,251 - watchfiles.main - INFO - 1 change detected
2026-06-16 06:26:46,603 - watchfiles.main - INFO - 1 change detected
2026-06-16 06:26:46,957 - watchfiles.main - INFO - 1 change detected
2026-06-16 06:26:47,308 - watchfiles.main - INFO - 1 change detected
2026-06-16 06:26:47,659 - watchfiles.main - INFO - 1 change detected
2026-06-16 06:26:48,010 - watchfiles.main - INFO - 1 change detected
2026-06-16 06:26:48,361 - watchfiles.main - INFO - 1 change detected
2026-06-16 06:26:48,712 - watchfiles.main - INFO - 1 change detected
2026-06-16 06:26:49,064 - watchfiles.main - INFO - 1 change detected
2026-06-16 06:26:49,415 - watchfiles.main - INFO - 1 change detected
2026-06-16 06:26:49,766 - watchfiles.main - INFO - 1 change detected
2026-06-16 06:26:50,117 - watchfiles.main - INFO - 1 change detected
2026-06-16 06:26:50,470 - watchfiles.main - INFO - 1 change detected
2026-06-16 06:26:50,821 - watchfiles.main - INFO - 1 change detected
2026-06-16 06:26:51,172 - watchfiles.main - INFO - 1 change detected
2026-06-16 06:26:51,524 - watchfiles.main - INFO - 1 change detected
2026-06-16 06:26:51,875 - watchfiles.main - INFO - 1 change detected
2026-06-16 06:26:52,226 - watchfiles.main - INFO - 1 change detected
2026-06-16 06:26:52,577 - watchfiles.main - INFO - 1 change detected
2026-06-16 06:26:52,928 - watchfiles.main - INFO - 1 change detected
2026-06-16 06:26:53,279 - watchfiles.main - INFO - 1 change detected
2026-06-16 06:26:53,630 - watchfiles.main - INFO - 1 change detected
2026-06-16 06:26:53,982 - watchfiles.main - INFO - 1 change detected
2026-06-16 06:26:54,333 - watchfiles.main - INFO - 1 change detected
2026-06-16 06:26:54,684 - watchfiles.main - INFO - 1 change detected
2026-06-16 06:26:55,034 - watchfiles.main - INFO - 1 change detected
2026-06-16 06:26:55,385 - watchfiles.main - INFO - 1 change detected
2026-06-16 06:26:55,736 - watchfiles.main - INFO - 1 change detected
2026-06-16 06:26:56,087 - watchfiles.main - INFO - 1 change detected
2026-06-16 06:26:56,438 - watchfiles.main - INFO - 1 change detected
2026-06-16 06:26:56,789 - watchfiles.main - INFO - 1 change detected
2026-06-16 06:26:57,140 - watchfiles.main - INFO - 1 change detected
2026-06-16 06:26:57,491 - watchfiles.main - INFO - 1 change detected
2026-06-16 06:26:57,842 - watchfiles.main - INFO - 1 change detected
2026-06-16 06:26:58,193 - watchfiles.main - INFO - 1 change detected
2026-06-16 06:26:58,544 - watchfiles.main - INFO - 1 change detected
2026-06-16 06:26:58,895 - watchfiles.main - INFO - 1 change detected
2026-06-16 06:26:59,246 - watchfiles.main - INFO - 1 change detected
2026-06-16 06:26:59,597 - watchfiles.main - INFO - 1 change detected
2026-06-16 06:26:59,951 - watchfiles.main - INFO - 1 change detected
2026-06-16 06:27:00,302 - watchfiles.main - INFO - 1 change detected
2026-06-16 06:27:00,653 - watchfiles.main - INFO - 1 change detected
2026-06-16 06:27:01,004 - watchfiles.main - INFO - 1 change detected
2026-06-16 06:27:01,356 - watchfiles.main - INFO - 1 change detected
2026-06-16 06:27:01,707 - watchfiles.main - INFO - 1 change detected
2026-06-16 06:27:02,058 - watchfiles.main - INFO - 1 change detected
2026-06-16 06:27:02,409 - watchfiles.main - INFO - 1 change detected
2026-06-16 06:27:02,760 - watchfiles.main - INFO - 1 change detected
2026-06-16 06:27:03,111 - watchfiles.main - INFO - 1 change detected
2026-06-16 06:27:03,462 - watchfiles.main - INFO - 1 change detected
2026-06-16 06:27:03,813 - watchfiles.main - INFO - 1 change detected
2026-06-16 06:27:04,164 - watchfiles.main - INFO - 1 change detected
2026-06-16 06:27:04,515 - watchfiles.main - INFO - 1 change detected
2026-06-16 06:27:04,866 - watchfiles.main - INFO - 1 change detected
2026-06-16 06:27:05,217 - watchfiles.main - INFO - 1 change detected
2026-06-16 06:27:05,570 - watchfiles.main - INFO - 1 change detected
2026-06-16 06:27:05,922 - watchfiles.main - INFO - 1 change detected
2026-06-16 06:27:06,273 - watchfiles.main - INFO - 1 change detected
2026-06-16 06:27:06,624 - watchfiles.main - INFO - 1 change detected
2026-06-16 06:27:06,975 - watchfiles.main - INFO - 1 change detected
2026-06-16 06:27:07,326 - watchfiles.main - INFO - 1 change detected
2026-06-16 06:27:07,677 - watchfiles.main - INFO - 1 change detected
2026-06-16 06:27:08,028 - watchfiles.main - INFO - 1 change detected
2026-06-16 06:27:08,379 - watchfiles.main - INFO - 1 change detected
2026-06-16 06:27:08,730 - watchfiles.main - INFO - 1 change detected
2026-06-16 06:27:09,081 - watchfiles.main - INFO - 1 change detected
2026-06-16 06:27:09,432 - watchfiles.main - INFO - 1 change detected
2026-06-16 06:27:09,783 - watchfiles.main - INFO - 1 change detected
2026-06-16 06:27:10,134 - watchfiles.main - INFO - 1 change detected
2026-06-16 06:27:10,485 - watchfiles.main - INFO - 1 change detected
2026-06-16 06:27:10,836 - watchfiles.main - INFO - 1 change detected
2026-06-16 06:27:11,187 - watchfiles.main - INFO - 1 change detected
2026-06-16 06:27:11,538 - watchfiles.main - INFO - 1 change detected
2026-06-16 06:27:11,889 - watchfiles.main - INFO - 1 change detected
2026-06-16 06:27:12,240 - watchfiles.main - INFO - 1 change detected
2026-06-16 06:27:12,591 - watchfiles.main - INFO - 1 change detected
2026-06-16 06:27:12,942 - watchfiles.main - INFO - 1 change detected
2026-06-16 06:27:13,293 - watchfiles.main - INFO - 1 change detected
2026-06-16 06:27:13,645 - watchfiles.main - INFO - 1 change detected
2026-06-16 06:27:13,995 - watchfiles.main - INFO - 1 change detected
2026-06-16 06:27:14,346 - watchfiles.main - INFO - 1 change detected
2026-06-16 06:27:14,697 - watchfiles.main - INFO - 1 change detected
2026-06-16 06:27:15,048 - watchfiles.main - INFO - 1 change detected
2026-06-16 06:27:15,401 - watchfiles.main - INFO - 1 change detected
2026-06-16 06:27:15,753 - watchfiles.main - INFO - 1 change detected
2026-06-16 06:27:16,104 - watchfiles.main - INFO - 1 change detected
2026-06-16 06:27:16,455 - watchfiles.main - INFO - 1 change detected
2026-06-16 06:27:16,806 - watchfiles.main - INFO - 1 change detected
2026-06-16 06:27:17,157 - watchfiles.main - INFO - 1 change detected
2026-06-16 06:27:17,508 - watchfiles.main - INFO - 1 change detected
2026-06-16 06:27:17,859 - watchfiles.main - INFO - 1 change detected
2026-06-16 06:27:18,210 - watchfiles.main - INFO - 1 change detected
2026-06-16 06:27:18,561 - watchfiles.main - INFO - 1 change detected
2026-06-16 06:27:18,913 - watchfiles.main - INFO - 1 change detected
2026-06-16 06:27:19,265 - watchfiles.main - INFO - 1 change detected
2026-06-16 06:27:19,615 - watchfiles.main - INFO - 1 change detected
2026-06-16 06:27:19,967 - watchfiles.main - INFO - 1 change detected
2026-06-16 06:27:20,321 - watchfiles.main - INFO - 1 change detected
2026-06-16 06:27:20,672 - watchfiles.main - INFO - 1 change detected
2026-06-16 06:27:21,023 - watchfiles.main - INFO - 1 change detected
2026-06-16 06:27:21,374 - watchfiles.main - INFO - 1 change detected
2026-06-16 06:27:21,725 - watchfiles.main - INFO - 1 change detected
2026-06-16 06:27:22,076 - watchfiles.main - INFO - 1 change detected
2026-06-16 06:27:22,432 - watchfiles.main - INFO - 1 change detected
2026-06-16 06:27:22,783 - watchfiles.main - INFO - 1 change detected
2026-06-16 06:27:23,134 - watchfiles.main - INFO - 1 change detected
2026-06-16 06:27:23,486 - watchfiles.main - INFO - 1 change detected
2026-06-16 06:27:23,838 - watchfiles.main - INFO - 1 change detected
2026-06-16 06:27:24,189 - watchfiles.main - INFO - 1 change detected
2026-06-16 06:27:24,540 - watchfiles.main - INFO - 1 change detected
2026-06-16 06:27:24,891 - watchfiles.main - INFO - 1 change detected
2026-06-16 06:27:25,247 - watchfiles.main - INFO - 1 change detected
2026-06-16 06:27:25,598 - watchfiles.main - INFO - 1 change detected
2026-06-16 06:27:25,948 - watchfiles.main - INFO - 1 change detected
2026-06-16 06:27:26,299 - watchfiles.main - INFO - 1 change detected
2026-06-16 06:27:26,650 - watchfiles.main - INFO - 1 change detected
2026-06-16 06:27:27,001 - watchfiles.main - INFO - 1 change detected
2026-06-16 06:27:27,352 - watchfiles.main - INFO - 1 change detected
2026-06-16 06:27:27,703 - watchfiles.main - INFO - 1 change detected
2026-06-16 06:27:28,055 - watchfiles.main - INFO - 1 change detected
2026-06-16 06:27:28,406 - watchfiles.main - INFO - 1 change detected
2026-06-16 06:27:28,757 - watchfiles.main - INFO - 1 change detected
2026-06-16 06:27:29,108 - watchfiles.main - INFO - 1 change detected
2026-06-16 06:27:29,459 - watchfiles.main - INFO - 1 change detected
2026-06-16 06:27:29,810 - watchfiles.main - INFO - 1 change detected
2026-06-16 06:27:30,161 - watchfiles.main - INFO - 1 change detected
2026-06-16 06:27:30,512 - watchfiles.main - INFO - 1 change detected
2026-06-16 06:27:30,864 - watchfiles.main - INFO - 1 change detected
2026-06-16 06:27:31,215 - watchfiles.main - INFO - 1 change detected
2026-06-16 06:27:31,566 - watchfiles.main - INFO - 1 change detected
2026-06-16 06:27:31,918 - watchfiles.main - INFO - 1 change detected
2026-06-16 06:27:32,269 - watchfiles.main - INFO - 1 change detected
2026-06-16 06:27:32,620 - watchfiles.main - INFO - 1 change detected
2026-06-16 06:27:32,971 - watchfiles.main - INFO - 1 change detected
2026-06-16 06:27:33,324 - watchfiles.main - INFO - 1 change detected
2026-06-16 06:27:33,675 - watchfiles.main - INFO - 1 change detected
2026-06-16 06:27:34,026 - watchfiles.main - INFO - 1 change detected
2026-06-16 06:27:34,377 - watchfiles.main - INFO - 1 change detected
2026-06-16 06:27:34,728 - watchfiles.main - INFO - 1 change detected
2026-06-16 06:27:35,079 - watchfiles.main - INFO - 1 change detected
2026-06-16 06:27:35,430 - watchfiles.main - INFO - 1 change detected
2026-06-16 06:27:35,781 - watchfiles.main - INFO - 1 change detected
2026-06-16 06:27:36,134 - watchfiles.main - INFO - 1 change detected
2026-06-16 06:27:36,485 - watchfiles.main - INFO - 1 change detected
2026-06-16 06:27:36,836 - watchfiles.main - INFO - 1 change detected
2026-06-16 06:27:37,188 - watchfiles.main - INFO - 1 change detected
2026-06-16 06:27:37,540 - watchfiles.main - INFO - 1 change detected
2026-06-16 06:27:37,891 - watchfiles.main - INFO - 1 change detected
2026-06-16 06:27:38,242 - watchfiles.main - INFO - 1 change detected
2026-06-16 06:27:38,592 - watchfiles.main - INFO - 1 change detected
2026-06-16 06:27:38,944 - watchfiles.main - INFO - 1 change detected
2026-06-16 06:27:39,295 - watchfiles.main - INFO - 1 change detected
2026-06-16 06:27:39,646 - watchfiles.main - INFO - 1 change detected
2026-06-16 06:27:39,997 - watchfiles.main - INFO - 1 change detected
2026-06-16 06:27:40,348 - watchfiles.main - INFO - 1 change detected
2026-06-16 06:27:40,699 - watchfiles.main - INFO - 1 change detected
2026-06-16 06:27:41,051 - watchfiles.main - INFO - 1 change detected
2026-06-16 06:27:41,404 - watchfiles.main - INFO - 1 change detected
2026-06-16 06:27:41,757 - watchfiles.main - INFO - 1 change detected
2026-06-16 06:27:42,108 - watchfiles.main - INFO - 1 change detected
2026-06-16 06:27:42,461 - watchfiles.main - INFO - 1 change detected
2026-06-16 06:27:42,812 - watchfiles.main - INFO - 1 change detected
2026-06-16 06:27:43,167 - watchfiles.main - INFO - 1 change detected
2026-06-16 06:27:43,518 - watchfiles.main - INFO - 1 change detected
2026-06-16 06:27:43,873 - watchfiles.main - INFO - 1 change detected
2026-06-16 06:27:44,229 - watchfiles.main - INFO - 1 change detected
2026-06-16 06:27:44,583 - watchfiles.main - INFO - 1 change detected
2026-06-16 06:27:44,934 - watchfiles.main - INFO - 1 change detected
2026-06-16 06:27:45,285 - watchfiles.main - INFO - 1 change detected
2026-06-16 06:27:45,637 - watchfiles.main - INFO - 1 change detected
2026-06-16 06:27:45,988 - watchfiles.main - INFO - 1 change detected
2026-06-16 06:27:46,339 - watchfiles.main - INFO - 1 change detected
2026-06-16 06:27:46,692 - watchfiles.main - INFO - 1 change detected
2026-06-16 06:27:47,046 - watchfiles.main - INFO - 1 change detected
2026-06-16 06:27:47,397 - watchfiles.main - INFO - 1 change detected
2026-06-16 06:27:47,748 - watchfiles.main - INFO - 1 change detected
2026-06-16 06:27:48,099 - watchfiles.main - INFO - 1 change detected
2026-06-16 06:27:48,450 - watchfiles.main - INFO - 1 change detected
2026-06-16 06:27:48,801 - watchfiles.main - INFO - 1 change detected
2026-06-16 06:27:49,152 - watchfiles.main - INFO - 1 change detected
2026-06-16 06:27:49,503 - watchfiles.main - INFO - 1 change detected
2026-06-16 06:27:49,854 - watchfiles.main - INFO - 1 change detected
2026-06-16 06:27:50,205 - watchfiles.main - INFO - 1 change detected
2026-06-16 06:27:50,556 - watchfiles.main - INFO - 1 change detected
2026-06-16 06:27:50,907 - watchfiles.main - INFO - 1 change detected
2026-06-16 06:27:51,258 - watchfiles.main - INFO - 1 change detected
2026-06-16 06:27:51,609 - watchfiles.main - INFO - 1 change detected
2026-06-16 06:27:51,961 - watchfiles.main - INFO - 1 change detected
2026-06-16 06:27:52,312 - watchfiles.main - INFO - 1 change detected
2026-06-16 06:27:52,663 - watchfiles.main - INFO - 1 change detected
2026-06-16 06:27:53,016 - watchfiles.main - INFO - 1 change detected
2026-06-16 06:27:53,367 - watchfiles.main - INFO - 1 change detected
2026-06-16 06:27:53,718 - watchfiles.main - INFO - 1 change detected
2026-06-16 06:27:54,069 - watchfiles.main - INFO - 1 change detected
2026-06-16 06:27:54,421 - watchfiles.main - INFO - 1 change detected
2026-06-16 06:27:54,773 - watchfiles.main - INFO - 1 change detected
2026-06-16 06:27:55,129 - watchfiles.main - INFO - 1 change detected
2026-06-16 06:27:55,483 - watchfiles.main - INFO - 1 change detected
2026-06-16 06:27:55,834 - watchfiles.main - INFO - 1 change detected
2026-06-16 06:27:56,185 - watchfiles.main - INFO - 1 change detected
2026-06-16 06:27:56,536 - watchfiles.main - INFO - 1 change detected
2026-06-16 06:27:56,887 - watchfiles.main - INFO - 1 change detected
2026-06-16 06:27:57,239 - watchfiles.main - INFO - 1 change detected
2026-06-16 06:27:57,595 - watchfiles.main - INFO - 1 change detected
2026-06-16 06:27:57,946 - watchfiles.main - INFO - 1 change detected
2026-06-16 06:27:58,297 - watchfiles.main - INFO - 1 change detected
2026-06-16 06:27:58,648 - watchfiles.main - INFO - 1 change detected
2026-06-16 06:27:59,000 - watchfiles.main - INFO - 1 change detected
2026-06-16 06:27:59,351 - watchfiles.main - INFO - 1 change detected
2026-06-16 06:27:59,702 - watchfiles.main - INFO - 1 change detected
2026-06-16 06:28:00,053 - watchfiles.main - INFO - 1 change detected
2026-06-16 06:28:00,405 - watchfiles.main - INFO - 1 change detected
2026-06-16 06:28:00,760 - watchfiles.main - INFO - 1 change detected
2026-06-16 06:28:01,113 - watchfiles.main - INFO - 1 change detected
2026-06-16 06:28:01,464 - watchfiles.main - INFO - 1 change detected
2026-06-16 06:28:01,814 - watchfiles.main - INFO - 1 change detected
2026-06-16 06:28:02,166 - watchfiles.main - INFO - 1 change detected
2026-06-16 06:28:02,517 - watchfiles.main - INFO - 1 change detected
2026-06-16 06:28:02,868 - watchfiles.main - INFO - 1 change detected
2026-06-16 06:28:03,219 - watchfiles.main - INFO - 1 change detected
2026-06-16 06:28:03,569 - watchfiles.main - INFO - 1 change detected
2026-06-16 06:28:03,920 - watchfiles.main - INFO - 1 change detected
2026-06-16 06:28:04,274 - watchfiles.main - INFO - 1 change detected
2026-06-16 06:28:04,625 - watchfiles.main - INFO - 1 change detected
2026-06-16 06:28:04,976 - watchfiles.main - INFO - 1 change detected
2026-06-16 06:28:05,327 - watchfiles.main - INFO - 1 change detected
2026-06-16 06:28:05,680 - watchfiles.main - INFO - 1 change detected
2026-06-16 06:28:06,032 - watchfiles.main - INFO - 1 change detected
2026-06-16 06:28:06,383 - watchfiles.main - INFO - 1 change detected
2026-06-16 06:28:06,734 - watchfiles.main - INFO - 1 change detected
2026-06-16 06:28:07,085 - watchfiles.main - INFO - 1 change detected
2026-06-16 06:28:07,436 - watchfiles.main - INFO - 1 change detected
2026-06-16 06:28:07,787 - watchfiles.main - INFO - 1 change detected
2026-06-16 06:28:08,138 - watchfiles.main - INFO - 1 change detected
2026-06-16 06:28:08,489 - watchfiles.main - INFO - 1 change detected
2026-06-16 06:28:08,840 - watchfiles.main - INFO - 1 change detected
2026-06-16 06:28:09,191 - watchfiles.main - INFO - 1 change detected
2026-06-16 06:28:09,543 - watchfiles.main - INFO - 1 change detected
2026-06-16 06:28:09,894 - watchfiles.main - INFO - 1 change detected
2026-06-16 06:28:10,245 - watchfiles.main - INFO - 1 change detected
2026-06-16 06:28:10,599 - watchfiles.main - INFO - 1 change detected
2026-06-16 06:28:10,954 - watchfiles.main - INFO - 1 change detected
2026-06-16 06:28:11,307 - watchfiles.main - INFO - 1 change detected
2026-06-16 06:28:11,658 - watchfiles.main - INFO - 1 change detected
2026-06-16 06:28:12,009 - watchfiles.main - INFO - 1 change detected
2026-06-16 06:28:12,360 - watchfiles.main - INFO - 1 change detected
2026-06-16 06:28:12,711 - watchfiles.main - INFO - 1 change detected
2026-06-16 06:28:13,062 - watchfiles.main - INFO - 1 change detected
2026-06-16 06:28:13,413 - watchfiles.main - INFO - 1 change detected
2026-06-16 06:28:13,764 - watchfiles.main - INFO - 1 change detected
2026-06-16 06:28:14,115 - watchfiles.main - INFO - 1 change detected
2026-06-16 06:28:14,466 - watchfiles.main - INFO - 1 change detected
2026-06-16 06:28:14,817 - watchfiles.main - INFO - 1 change detected
2026-06-16 06:28:15,169 - watchfiles.main - INFO - 1 change detected
2026-06-16 06:28:15,520 - watchfiles.main - INFO - 1 change detected
2026-06-16 06:28:15,871 - watchfiles.main - INFO - 1 change detected
2026-06-16 06:28:16,222 - watchfiles.main - INFO - 1 change detected
2026-06-16 06:28:16,573 - watchfiles.main - INFO - 1 change detected
2026-06-16 06:28:16,924 - watchfiles.main - INFO - 1 change detected
2026-06-16 06:28:17,276 - watchfiles.main - INFO - 1 change detected
2026-06-16 06:28:17,629 - watchfiles.main - INFO - 1 change detected
2026-06-16 06:28:17,981 - watchfiles.main - INFO - 1 change detected
2026-06-16 06:28:18,332 - watchfiles.main - INFO - 1 change detected
2026-06-16 06:28:18,683 - watchfiles.main - INFO - 1 change detected
2026-06-16 06:28:19,034 - watchfiles.main - INFO - 1 change detected
2026-06-16 06:28:19,385 - watchfiles.main - INFO - 1 change detected
2026-06-16 06:28:19,740 - watchfiles.main - INFO - 1 change detected
2026-06-16 06:28:20,092 - watchfiles.main - INFO - 1 change detected
2026-06-16 06:28:20,443 - watchfiles.main - INFO - 1 change detected
2026-06-16 06:28:20,795 - watchfiles.main - INFO - 1 change detected
2026-06-16 06:28:21,147 - watchfiles.main - INFO - 1 change detected
2026-06-16 06:28:21,498 - watchfiles.main - INFO - 1 change detected
2026-06-16 06:28:21,849 - watchfiles.main - INFO - 1 change detected
2026-06-16 06:28:22,201 - watchfiles.main - INFO - 1 change detected
2026-06-16 06:28:22,552 - watchfiles.main - INFO - 1 change detected
2026-06-16 06:28:22,903 - watchfiles.main - INFO - 1 change detected
2026-06-16 06:28:23,254 - watchfiles.main - INFO - 1 change detected
2026-06-16 06:28:23,605 - watchfiles.main - INFO - 1 change detected
2026-06-16 06:28:23,956 - watchfiles.main - INFO - 1 change detected
2026-06-16 06:28:24,307 - watchfiles.main - INFO - 1 change detected
2026-06-16 06:28:24,661 - watchfiles.main - INFO - 1 change detected
2026-06-16 06:28:25,014 - watchfiles.main - INFO - 1 change detected
2026-06-16 06:28:25,365 - watchfiles.main - INFO - 1 change detected
2026-06-16 06:28:25,716 - watchfiles.main - INFO - 1 change detected
2026-06-16 06:28:26,067 - watchfiles.main - INFO - 1 change detected
2026-06-16 06:28:26,418 - watchfiles.main - INFO - 1 change detected
2026-06-16 06:28:26,769 - watchfiles.main - INFO - 1 change detected
2026-06-16 06:28:27,120 - watchfiles.main - INFO - 1 change detected
2026-06-16 06:28:27,471 - watchfiles.main - INFO - 1 change detected
2026-06-16 06:28:27,822 - watchfiles.main - INFO - 1 change detected
2026-06-16 06:28:28,173 - watchfiles.main - INFO - 1 change detected
2026-06-16 06:28:28,524 - watchfiles.main - INFO - 1 change detected
2026-06-16 06:28:28,875 - watchfiles.main - INFO - 1 change detected
2026-06-16 06:28:29,226 - watchfiles.main - INFO - 1 change detected
2026-06-16 06:28:29,577 - watchfiles.main - INFO - 1 change detected
2026-06-16 06:28:29,928 - watchfiles.main - INFO - 1 change detected
2026-06-16 06:28:30,279 - watchfiles.main - INFO - 1 change detected
2026-06-16 06:28:30,630 - watchfiles.main - INFO - 1 change detected
2026-06-16 06:28:30,981 - watchfiles.main - INFO - 1 change detected
2026-06-16 06:28:31,332 - watchfiles.main - INFO - 1 change detected
2026-06-16 06:28:31,684 - watchfiles.main - INFO - 1 change detected
2026-06-16 06:28:32,035 - watchfiles.main - INFO - 1 change detected
2026-06-16 06:28:32,386 - watchfiles.main - INFO - 1 change detected
2026-06-16 06:28:32,738 - watchfiles.main - INFO - 1 change detected
2026-06-16 06:28:33,089 - watchfiles.main - INFO - 1 change detected
2026-06-16 06:28:33,440 - watchfiles.main - INFO - 1 change detected
2026-06-16 06:28:33,791 - watchfiles.main - INFO - 1 change detected
2026-06-16 06:28:34,142 - watchfiles.main - INFO - 1 change detected
2026-06-16 06:28:34,493 - watchfiles.main - INFO - 1 change detected
2026-06-16 06:28:34,844 - watchfiles.main - INFO - 1 change detected
2026-06-16 06:28:35,196 - watchfiles.main - INFO - 1 change detected
2026-06-16 06:28:35,547 - watchfiles.main - INFO - 1 change detected
2026-06-16 06:28:35,898 - watchfiles.main - INFO - 1 change detected
2026-06-16 06:28:36,249 - watchfiles.main - INFO - 1 change detected
2026-06-16 06:28:36,601 - watchfiles.main - INFO - 1 change detected
2026-06-16 06:28:36,952 - watchfiles.main - INFO - 1 change detected
2026-06-16 06:28:37,306 - watchfiles.main - INFO - 1 change detected
2026-06-16 06:28:37,658 - watchfiles.main - INFO - 1 change detected
2026-06-16 06:28:38,009 - watchfiles.main - INFO - 1 change detected
2026-06-16 06:28:38,360 - watchfiles.main - INFO - 1 change detected
2026-06-16 06:28:38,711 - watchfiles.main - INFO - 1 change detected
2026-06-16 06:28:39,062 - watchfiles.main - INFO - 1 change detected
2026-06-16 06:28:39,413 - watchfiles.main - INFO - 1 change detected
2026-06-16 06:28:39,764 - watchfiles.main - INFO - 1 change detected
2026-06-16 06:28:40,115 - watchfiles.main - INFO - 1 change detected
2026-06-16 06:28:40,466 - watchfiles.main - INFO - 1 change detected
2026-06-16 06:28:40,817 - watchfiles.main - INFO - 1 change detected
2026-06-16 06:28:41,168 - watchfiles.main - INFO - 1 change detected
2026-06-16 06:28:41,523 - watchfiles.main - INFO - 1 change detected
2026-06-16 06:28:41,883 - watchfiles.main - INFO - 1 change detected
2026-06-16 06:28:42,234 - watchfiles.main - INFO - 1 change detected
2026-06-16 06:28:42,584 - watchfiles.main - INFO - 1 change detected
2026-06-16 06:28:42,935 - watchfiles.main - INFO - 1 change detected
2026-06-16 06:28:43,286 - watchfiles.main - INFO - 1 change detected
2026-06-16 06:28:43,637 - watchfiles.main - INFO - 1 change detected
2026-06-16 06:28:43,989 - watchfiles.main - INFO - 1 change detected
2026-06-16 06:28:44,339 - watchfiles.main - INFO - 1 change detected
